<?xml version="1.0" encoding="UTF-8"?>
<!-- Generated by org.testng.reporters.JUnitXMLReporter -->
<testsuite ignored="0" hostname="DESKTOP-JUOQ8HG" failures="0" tests="5" name="Test" time="22.464" errors="0" timestamp="2020-05-18T02:32:48 EDT">
  <testcase classname="com.practice.testcases.TC_Login_DataDriven_003" name="DataDrivenLogin" time="2.514"/>
  <testcase classname="com.practice.testcases.TC_Login_DataDriven_003" name="DataDrivenLogin" time="2.415"/>
  <testcase classname="com.practice.testcases.TC_Login_DataDriven_003" name="DataDrivenLogin" time="2.421"/>
  <testcase classname="com.practice.testcases.TC_Login_DataDriven_003" name="DataDrivenLogin" time="3.091"/>
  <testcase classname="com.practice.testcases.TC_Login_DataDriven_003" name="DataDrivenLogin" time="2.457"/>
</testsuite> <!-- Test -->
