<?xml version="1.0" encoding="UTF-8"?>
<!-- Generated by org.testng.reporters.JUnitXMLReporter -->
<testsuite ignored="0" hostname="DESKTOP-JUOQ8HG" failures="0" tests="5" name="Test" time="22.482" errors="0" timestamp="2020-05-17T21:34:10 EDT">
  <testcase classname="com.practice.testcases.TC_Login_DataDriven_003" name="DataDrivenLogin" time="2.547"/>
  <testcase classname="com.practice.testcases.TC_Login_DataDriven_003" name="DataDrivenLogin" time="2.505"/>
  <testcase classname="com.practice.testcases.TC_Login_DataDriven_003" name="DataDrivenLogin" time="2.478"/>
  <testcase classname="com.practice.testcases.TC_Login_DataDriven_003" name="DataDrivenLogin" time="3.128"/>
  <testcase classname="com.practice.testcases.TC_Login_DataDriven_003" name="DataDrivenLogin" time="2.535"/>
</testsuite> <!-- Test -->
