<?xml version="1.0" encoding="UTF-8"?>
<testng-results ignored="0" total="5" passed="5" failed="0" skipped="0">
  <reporter-output>
  </reporter-output>
  <suite started-at="2020-05-17T21:33:47 EDT" name="Suite" finished-at="2020-05-17T21:34:10 EDT" duration-ms="22482">
    <groups>
    </groups>
    <test started-at="2020-05-17T21:33:47 EDT" name="Test" finished-at="2020-05-17T21:34:10 EDT" duration-ms="22482">
      <class name="com.practice.testcases.TC_Login_DataDriven_003">
        <test-method is-config="true" signature="setup(java.lang.String)[pri:0, instance:com.practice.testcases.TC_Login_DataDriven_003@1a677343]" started-at="2020-05-17T21:33:47 EDT" name="setup" finished-at="2020-05-17T21:33:55 EDT" duration-ms="7478" status="PASS">
          <params>
            <param index="0">
              <value>
                <![CDATA[chromePath]]>
              </value>
            </param>
          </params>
          <reporter-output>
          </reporter-output>
        </test-method> <!-- setup -->
        <test-method signature="DataDrivenLogin(java.lang.String, java.lang.String)[pri:0, instance:com.practice.testcases.TC_Login_DataDriven_003@1a677343]" started-at="2020-05-17T21:33:56 EDT" name="DataDrivenLogin" data-provider="loginData" finished-at="2020-05-17T21:33:58 EDT" duration-ms="2547" status="PASS">
          <params>
            <param index="0">
              <value>
                <![CDATA[admin1]]>
              </value>
            </param>
            <param index="1">
              <value>
                <![CDATA[admin1]]>
              </value>
            </param>
          </params>
          <reporter-output>
          </reporter-output>
        </test-method> <!-- DataDrivenLogin -->
        <test-method signature="DataDrivenLogin(java.lang.String, java.lang.String)[pri:0, instance:com.practice.testcases.TC_Login_DataDriven_003@1a677343]" started-at="2020-05-17T21:33:58 EDT" name="DataDrivenLogin" data-provider="loginData" finished-at="2020-05-17T21:34:01 EDT" duration-ms="2505" status="PASS">
          <params>
            <param index="0">
              <value>
                <![CDATA[admin2]]>
              </value>
            </param>
            <param index="1">
              <value>
                <![CDATA[admin2]]>
              </value>
            </param>
          </params>
          <reporter-output>
          </reporter-output>
        </test-method> <!-- DataDrivenLogin -->
        <test-method signature="DataDrivenLogin(java.lang.String, java.lang.String)[pri:0, instance:com.practice.testcases.TC_Login_DataDriven_003@1a677343]" started-at="2020-05-17T21:34:01 EDT" name="DataDrivenLogin" data-provider="loginData" finished-at="2020-05-17T21:34:03 EDT" duration-ms="2478" status="PASS">
          <params>
            <param index="0">
              <value>
                <![CDATA[admin3]]>
              </value>
            </param>
            <param index="1">
              <value>
                <![CDATA[admin3]]>
              </value>
            </param>
          </params>
          <reporter-output>
          </reporter-output>
        </test-method> <!-- DataDrivenLogin -->
        <test-method signature="DataDrivenLogin(java.lang.String, java.lang.String)[pri:0, instance:com.practice.testcases.TC_Login_DataDriven_003@1a677343]" started-at="2020-05-17T21:34:03 EDT" name="DataDrivenLogin" data-provider="loginData" finished-at="2020-05-17T21:34:07 EDT" duration-ms="3128" status="PASS">
          <params>
            <param index="0">
              <value>
                <![CDATA[Admin]]>
              </value>
            </param>
            <param index="1">
              <value>
                <![CDATA[admin123]]>
              </value>
            </param>
          </params>
          <reporter-output>
          </reporter-output>
        </test-method> <!-- DataDrivenLogin -->
        <test-method signature="DataDrivenLogin(java.lang.String, java.lang.String)[pri:0, instance:com.practice.testcases.TC_Login_DataDriven_003@1a677343]" started-at="2020-05-17T21:34:07 EDT" name="DataDrivenLogin" data-provider="loginData" finished-at="2020-05-17T21:34:09 EDT" duration-ms="2535" status="PASS">
          <params>
            <param index="0">
              <value>
                <![CDATA[admin4]]>
              </value>
            </param>
            <param index="1">
              <value>
                <![CDATA[admin4]]>
              </value>
            </param>
          </params>
          <reporter-output>
          </reporter-output>
        </test-method> <!-- DataDrivenLogin -->
        <test-method is-config="true" signature="tearDown()[pri:0, instance:com.practice.testcases.TC_Login_DataDriven_003@1a677343]" started-at="2020-05-17T21:34:09 EDT" name="tearDown" finished-at="2020-05-17T21:34:10 EDT" duration-ms="645" status="PASS">
          <reporter-output>
          </reporter-output>
        </test-method> <!-- tearDown -->
      </class> <!-- com.practice.testcases.TC_Login_DataDriven_003 -->
    </test> <!-- Test -->
  </suite> <!-- Suite -->
</testng-results>
