<?xml version="1.0" encoding="UTF-8"?>
<testng-results ignored="0" total="5" passed="5" failed="0" skipped="0">
  <reporter-output>
  </reporter-output>
  <suite started-at="2020-05-18T02:32:25 EDT" name="Suite" finished-at="2020-05-18T02:32:48 EDT" duration-ms="22464">
    <groups>
    </groups>
    <test started-at="2020-05-18T02:32:25 EDT" name="Test" finished-at="2020-05-18T02:32:48 EDT" duration-ms="22464">
      <class name="com.practice.testcases.TC_Login_DataDriven_003">
        <test-method is-config="true" signature="setup(java.lang.String)[pri:0, instance:com.practice.testcases.TC_Login_DataDriven_003@757acd7b]" started-at="2020-05-18T02:32:25 EDT" name="setup" finished-at="2020-05-18T02:32:33 EDT" duration-ms="7929" status="PASS">
          <params>
            <param index="0">
              <value>
                <![CDATA[chromePath]]>
              </value>
            </param>
          </params>
          <reporter-output>
          </reporter-output>
        </test-method> <!-- setup -->
        <test-method signature="DataDrivenLogin(java.lang.String, java.lang.String)[pri:0, instance:com.practice.testcases.TC_Login_DataDriven_003@757acd7b]" started-at="2020-05-18T02:32:34 EDT" name="DataDrivenLogin" data-provider="loginData" finished-at="2020-05-18T02:32:37 EDT" duration-ms="2514" status="PASS">
          <params>
            <param index="0">
              <value>
                <![CDATA[admin1]]>
              </value>
            </param>
            <param index="1">
              <value>
                <![CDATA[admin1]]>
              </value>
            </param>
          </params>
          <reporter-output>
          </reporter-output>
        </test-method> <!-- DataDrivenLogin -->
        <test-method signature="DataDrivenLogin(java.lang.String, java.lang.String)[pri:0, instance:com.practice.testcases.TC_Login_DataDriven_003@757acd7b]" started-at="2020-05-18T02:32:37 EDT" name="DataDrivenLogin" data-provider="loginData" finished-at="2020-05-18T02:32:39 EDT" duration-ms="2415" status="PASS">
          <params>
            <param index="0">
              <value>
                <![CDATA[admin2]]>
              </value>
            </param>
            <param index="1">
              <value>
                <![CDATA[admin2]]>
              </value>
            </param>
          </params>
          <reporter-output>
          </reporter-output>
        </test-method> <!-- DataDrivenLogin -->
        <test-method signature="DataDrivenLogin(java.lang.String, java.lang.String)[pri:0, instance:com.practice.testcases.TC_Login_DataDriven_003@757acd7b]" started-at="2020-05-18T02:32:39 EDT" name="DataDrivenLogin" data-provider="loginData" finished-at="2020-05-18T02:32:42 EDT" duration-ms="2421" status="PASS">
          <params>
            <param index="0">
              <value>
                <![CDATA[admin3]]>
              </value>
            </param>
            <param index="1">
              <value>
                <![CDATA[admin3]]>
              </value>
            </param>
          </params>
          <reporter-output>
          </reporter-output>
        </test-method> <!-- DataDrivenLogin -->
        <test-method signature="DataDrivenLogin(java.lang.String, java.lang.String)[pri:0, instance:com.practice.testcases.TC_Login_DataDriven_003@757acd7b]" started-at="2020-05-18T02:32:42 EDT" name="DataDrivenLogin" data-provider="loginData" finished-at="2020-05-18T02:32:45 EDT" duration-ms="3091" status="PASS">
          <params>
            <param index="0">
              <value>
                <![CDATA[Admin]]>
              </value>
            </param>
            <param index="1">
              <value>
                <![CDATA[admin123]]>
              </value>
            </param>
          </params>
          <reporter-output>
          </reporter-output>
        </test-method> <!-- DataDrivenLogin -->
        <test-method signature="DataDrivenLogin(java.lang.String, java.lang.String)[pri:0, instance:com.practice.testcases.TC_Login_DataDriven_003@757acd7b]" started-at="2020-05-18T02:32:45 EDT" name="DataDrivenLogin" data-provider="loginData" finished-at="2020-05-18T02:32:47 EDT" duration-ms="2457" status="PASS">
          <params>
            <param index="0">
              <value>
                <![CDATA[admin4]]>
              </value>
            </param>
            <param index="1">
              <value>
                <![CDATA[admin4]]>
              </value>
            </param>
          </params>
          <reporter-output>
          </reporter-output>
        </test-method> <!-- DataDrivenLogin -->
        <test-method is-config="true" signature="tearDown()[pri:0, instance:com.practice.testcases.TC_Login_DataDriven_003@757acd7b]" started-at="2020-05-18T02:32:47 EDT" name="tearDown" finished-at="2020-05-18T02:32:48 EDT" duration-ms="623" status="PASS">
          <reporter-output>
          </reporter-output>
        </test-method> <!-- tearDown -->
      </class> <!-- com.practice.testcases.TC_Login_DataDriven_003 -->
    </test> <!-- Test -->
  </suite> <!-- Suite -->
</testng-results>
